<?xml version="1.0" encoding="UTF-8"?>
<testng-results skipped="0" failed="1" total="2" passed="1">
  <reporter-output>
  </reporter-output>
  <suite name="My First Suite" duration-ms="61477" started-at="2021-10-04T12:50:18Z" finished-at="2021-10-04T12:51:20Z">
    <groups>
      <group name="abc">
        <method signature="Validation.sel()[pri:0, instance:SeleniumTesting.Validation@433defed]" name="sel" class="SeleniumTesting.Validation"/>
        <method signature="Validation.sell()[pri:0, instance:SeleniumTesting.Validation@433defed]" name="sell" class="SeleniumTesting.Validation"/>
      </group> <!-- abc -->
    </groups>
    <test name="First Test" duration-ms="61477" started-at="2021-10-04T12:50:18Z" finished-at="2021-10-04T12:51:20Z">
      <class name="SeleniumTesting.Validation">
        <test-method status="PASS" signature="Before()[pri:0, instance:SeleniumTesting.Validation@433defed]" name="Before" is-config="true" duration-ms="26587" started-at="2021-10-04T18:20:18Z" finished-at="2021-10-04T18:20:45Z">
          <reporter-output>
          </reporter-output>
        </test-method> <!-- Before -->
        <test-method status="FAIL" signature="sel()[pri:0, instance:SeleniumTesting.Validation@433defed]" name="sel" duration-ms="18199" started-at="2021-10-04T18:20:45Z" finished-at="2021-10-04T18:21:03Z">
          <exception class="java.lang.AssertionError">
            <message>
              <![CDATA[expected [false] but found [true]]]>
            </message>
            <full-stacktrace>
              <![CDATA[java.lang.AssertionError: expected [false] but found [true]
	at org.testng.Assert.fail(Assert.java:94)
	at org.testng.Assert.failNotEquals(Assert.java:496)
	at org.testng.Assert.assertFalse(Assert.java:63)
	at org.testng.Assert.assertFalse(Assert.java:73)
	at SeleniumTesting.Validation.sel(Validation.java:57)
	at sun.reflect.NativeMethodAccessorImpl.invoke0(Native Method)
	at sun.reflect.NativeMethodAccessorImpl.invoke(NativeMethodAccessorImpl.java:62)
	at sun.reflect.DelegatingMethodAccessorImpl.invoke(DelegatingMethodAccessorImpl.java:43)
	at java.lang.reflect.Method.invoke(Method.java:498)
	at org.testng.internal.MethodInvocationHelper.invokeMethod(MethodInvocationHelper.java:85)
	at org.testng.internal.Invoker.invokeMethod(Invoker.java:639)
	at org.testng.internal.Invoker.invokeTestMethod(Invoker.java:821)
	at org.testng.internal.Invoker.invokeTestMethods(Invoker.java:1131)
	at org.testng.internal.TestMethodWorker.invokeTestMethods(TestMethodWorker.java:125)
	at org.testng.internal.TestMethodWorker.run(TestMethodWorker.java:108)
	at org.testng.TestRunner.privateRun(TestRunner.java:773)
	at org.testng.TestRunner.run(TestRunner.java:623)
	at org.testng.SuiteRunner.runTest(SuiteRunner.java:357)
	at org.testng.SuiteRunner.runSequentially(SuiteRunner.java:352)
	at org.testng.SuiteRunner.privateRun(SuiteRunner.java:310)
	at org.testng.SuiteRunner.run(SuiteRunner.java:259)
	at org.testng.SuiteRunnerWorker.runSuite(SuiteRunnerWorker.java:52)
	at org.testng.SuiteRunnerWorker.run(SuiteRunnerWorker.java:86)
	at org.testng.TestNG.runSuitesSequentially(TestNG.java:1185)
	at org.testng.TestNG.runSuitesLocally(TestNG.java:1110)
	at org.testng.TestNG.run(TestNG.java:1018)
	at org.apache.maven.surefire.testng.TestNGExecutor.run(TestNGExecutor.java:283)
	at org.apache.maven.surefire.testng.TestNGXmlTestSuite.execute(TestNGXmlTestSuite.java:75)
	at org.apache.maven.surefire.testng.TestNGProvider.invoke(TestNGProvider.java:120)
	at org.apache.maven.surefire.booter.ForkedBooter.invokeProviderInSameClassLoader(ForkedBooter.java:386)
	at org.apache.maven.surefire.booter.ForkedBooter.runSuitesInProcess(ForkedBooter.java:323)
	at org.apache.maven.surefire.booter.ForkedBooter.main(ForkedBooter.java:143)
]]>
            </full-stacktrace>
          </exception> <!-- java.lang.AssertionError -->
          <reporter-output>
          </reporter-output>
        </test-method> <!-- sel -->
        <test-method status="PASS" signature="After()[pri:0, instance:SeleniumTesting.Validation@433defed]" name="After" is-config="true" duration-ms="0" started-at="2021-10-04T18:21:04Z" finished-at="2021-10-04T18:21:04Z">
          <reporter-output>
          </reporter-output>
        </test-method> <!-- After -->
        <test-method status="PASS" signature="Before()[pri:0, instance:SeleniumTesting.Validation@433defed]" name="Before" is-config="true" duration-ms="9189" started-at="2021-10-04T18:21:04Z" finished-at="2021-10-04T18:21:13Z">
          <reporter-output>
          </reporter-output>
        </test-method> <!-- Before -->
        <test-method status="PASS" signature="sell()[pri:0, instance:SeleniumTesting.Validation@433defed]" name="sell" duration-ms="6829" started-at="2021-10-04T18:21:13Z" finished-at="2021-10-04T18:21:20Z">
          <reporter-output>
          </reporter-output>
        </test-method> <!-- sell -->
        <test-method status="PASS" signature="After()[pri:0, instance:SeleniumTesting.Validation@433defed]" name="After" is-config="true" duration-ms="0" started-at="2021-10-04T18:21:20Z" finished-at="2021-10-04T18:21:20Z">
          <reporter-output>
          </reporter-output>
        </test-method> <!-- After -->
      </class> <!-- SeleniumTesting.Validation -->
    </test> <!-- First Test -->
  </suite> <!-- My First Suite -->
</testng-results>
