-------------------------------------------------------------------------------
Test set: TestSuite
-------------------------------------------------------------------------------
Tests run: 2, Failures: 1, Errors: 0, Skipped: 0, Time elapsed: 63.797 s <<< FAILURE! - in TestSuite
sel(SeleniumTesting.Validation)  Time elapsed: 18.217 s  <<< FAILURE!
java.lang.AssertionError: expected [false] but found [true]
	at SeleniumTesting.Validation.sel(Validation.java:57)

