<?xml version="1.0" encoding="UTF-8"?>
<!-- Generated by org.testng.reporters.JUnitXMLReporter -->
<testsuite hostname="LAPTOP-49ALIVKJ" name="First Test" tests="2" failures="1" timestamp="4 Oct 2021 12:51:20 GMT" time="61.477" errors="0">
  <testcase name="sel" time="18.199" classname="SeleniumTesting.Validation">
    <failure type="java.lang.AssertionError" message="expected [false] but found [true]">
      <![CDATA[java.lang.AssertionError: expected [false] but found [true]
	at SeleniumTesting.Validation.sel(Validation.java:57)
... Removed 31 stack frames]]>
    </failure>
  </testcase> <!-- sel -->
  <testcase name="sell" time="6.829" classname="SeleniumTesting.Validation"/>
</testsuite> <!-- First Test -->
